<?xml version="1.0" encoding="UTF-8"?>
<!-- Generated by org.testng.reporters.JUnitXMLReporter -->
<testsuite hostname="SRIMAMID-IN" failures="0" tests="3" name="Default test" time="106.486" errors="0" timestamp="9 Jul 2020 11:07:00 GMT">
  <testcase classname="com.crm.qa.testcases.ContactsPageTest" name="validateContactsPageTitle" time="0.028"/>
  <testcase classname="com.crm.qa.testcases.ContactsPageTest" name="createNewContact" time="16.4"/>
  <testcase classname="com.crm.qa.testcases.ContactsPageTest" name="createNewContact" time="16.953"/>
</testsuite>
