<?xml version="1.0" encoding="UTF-8"?>
<testng-results total="3" passed="3" failed="0" skipped="0">
  <reporter-output>
  </reporter-output>
  <suite started-at="2020-07-09T16:35:14Z" name="Default suite" finished-at="2020-07-09T16:37:00Z" duration-ms="106486">
    <groups>
    </groups>
    <test started-at="2020-07-09T16:35:14Z" name="Default test" finished-at="2020-07-09T16:37:00Z" duration-ms="106486">
      <class name="com.crm.qa.testcases.ContactsPageTest">
        <test-method is-config="true" signature="setUp()[pri:0, instance:com.crm.qa.testcases.ContactsPageTest@77e9807f]" started-at="2020-07-09T16:35:14Z" name="setUp" finished-at="2020-07-09T16:35:36Z" duration-ms="22280" status="PASS">
        </test-method>
        <test-method signature="validateContactsPageTitle()[pri:1, instance:com.crm.qa.testcases.ContactsPageTest@77e9807f]" started-at="2020-07-09T16:35:36Z" name="validateContactsPageTitle" finished-at="2020-07-09T16:35:36Z" duration-ms="28" status="PASS">
        </test-method>
        <test-method is-config="true" signature="tearDown()[pri:0, instance:com.crm.qa.testcases.ContactsPageTest@77e9807f]" started-at="2020-07-09T16:35:36Z" name="tearDown" finished-at="2020-07-09T16:35:39Z" duration-ms="2416" status="PASS">
        </test-method>
        <test-method is-config="true" signature="setUp()[pri:0, instance:com.crm.qa.testcases.ContactsPageTest@77e9807f]" started-at="2020-07-09T16:35:39Z" name="setUp" finished-at="2020-07-09T16:36:06Z" duration-ms="26684" status="PASS">
        </test-method>
        <test-method signature="createNewContact(java.lang.String, java.lang.String, java.lang.String)[pri:2, instance:com.crm.qa.testcases.ContactsPageTest@77e9807f]" started-at="2020-07-09T16:36:06Z" name="createNewContact" finished-at="2020-07-09T16:36:22Z" duration-ms="16400" status="PASS">
          <params>
            <param index="0">
              <value>
                <![CDATA[Sri]]>
              </value>
            </param>
            <param index="1">
              <value>
                <![CDATA[Teja]]>
              </value>
            </param>
            <param index="2">
              <value>
                <![CDATA[mamy_sai200@yahoo.com]]>
              </value>
            </param>
          </params>
        </test-method>
        <test-method is-config="true" signature="tearDown()[pri:0, instance:com.crm.qa.testcases.ContactsPageTest@77e9807f]" started-at="2020-07-09T16:36:22Z" name="tearDown" finished-at="2020-07-09T16:36:25Z" duration-ms="2530" status="PASS">
        </test-method>
        <test-method is-config="true" signature="setUp()[pri:0, instance:com.crm.qa.testcases.ContactsPageTest@77e9807f]" started-at="2020-07-09T16:36:25Z" name="setUp" finished-at="2020-07-09T16:36:41Z" duration-ms="16074" status="PASS">
        </test-method>
        <test-method signature="createNewContact(java.lang.String, java.lang.String, java.lang.String)[pri:2, instance:com.crm.qa.testcases.ContactsPageTest@77e9807f]" started-at="2020-07-09T16:36:41Z" name="createNewContact" finished-at="2020-07-09T16:36:58Z" duration-ms="16953" status="PASS">
          <params>
            <param index="0">
              <value>
                <![CDATA[Sri]]>
              </value>
            </param>
            <param index="1">
              <value>
                <![CDATA[Satya]]>
              </value>
            </param>
            <param index="2">
              <value>
                <![CDATA[sri.satya275@gmail.com]]>
              </value>
            </param>
          </params>
        </test-method>
        <test-method is-config="true" signature="tearDown()[pri:0, instance:com.crm.qa.testcases.ContactsPageTest@77e9807f]" started-at="2020-07-09T16:36:58Z" name="tearDown" finished-at="2020-07-09T16:37:00Z" duration-ms="2465" status="PASS">
        </test-method>
      </class>
    </test>
  </suite>
</testng-results>
